{"message":"failed to resolve: could not find `main` in `tokio`","code":{"code":"E0433","explanation":"An undeclared crate, module, or type was used.\n\nErroneous code example:\n\n```compile_fail,E0433\nlet map = HashMap::new();\n// error: failed to resolve: use of undeclared type `HashMap`\n```\n\nPlease verify you didn't misspell the type/module's name or that you didn't\nforget to import it:\n\n```\nuse std::collections::HashMap; // HashMap has been imported.\nlet map: HashMap<u32, u32> = HashMap::new(); // So it can be used!\n```\n\nIf you've expected to use a crate name:\n\n```compile_fail\nuse ferris_wheel::BigO;\n// error: failed to resolve: use of undeclared crate or module `ferris_wheel`\n```\n\nMake sure the crate has been added as a dependency in `Cargo.toml`.\n\nTo use a module from your current crate, add the `crate::` prefix to the path.\n"},"level":"error","spans":[{"file_name":"src\\main.rs","byte_start":167,"byte_end":171,"line_start":12,"line_end":12,"column_start":10,"column_end":14,"is_primary":true,"text":[{"text":"#[tokio::main]","highlight_start":10,"highlight_end":14}],"label":"could not find `main` in `tokio`","suggested_replacement":null,"suggestion_applicability":null,"expansion":null}],"children":[],"rendered":"\u001b[0m\u001b[1m\u001b[38;5;9merror[E0433]\u001b[0m\u001b[0m\u001b[1m\u001b[38;5;15m: failed to resolve: could not find `main` in `tokio`\u001b[0m\n\u001b[0m  \u001b[0m\u001b[0m\u001b[1m\u001b[38;5;14m--> \u001b[0m\u001b[0msrc\\main.rs:12:10\u001b[0m\n\u001b[0m   \u001b[0m\u001b[0m\u001b[1m\u001b[38;5;14m|\u001b[0m\n\u001b[0m\u001b[1m\u001b[38;5;14m12\u001b[0m\u001b[0m \u001b[0m\u001b[0m\u001b[1m\u001b[38;5;14m|\u001b[0m\u001b[0m \u001b[0m\u001b[0m#[tokio::main]\u001b[0m\n\u001b[0m   \u001b[0m\u001b[0m\u001b[1m\u001b[38;5;14m| \u001b[0m\u001b[0m         \u001b[0m\u001b[0m\u001b[1m\u001b[38;5;9m^^^^\u001b[0m\u001b[0m \u001b[0m\u001b[0m\u001b[1m\u001b[38;5;9mcould not find `main` in `tokio`\u001b[0m\n\n"}
{"message":"cannot find derive macro `Deserialize` in this scope","code":null,"level":"error","spans":[{"file_name":"src\\main.rs","byte_start":87,"byte_end":98,"line_start":5,"line_end":5,"column_start":10,"column_end":21,"is_primary":true,"text":[{"text":"#[derive(Deserialize, debug)]","highlight_start":10,"highlight_end":21}],"label":null,"suggested_replacement":null,"suggestion_applicability":null,"expansion":null}],"children":[{"message":"`Deserialize` is imported here, but it is only a trait, without a derive macro","code":null,"level":"note","spans":[{"file_name":"src\\main.rs","byte_start":57,"byte_end":75,"line_start":3,"line_end":3,"column_start":5,"column_end":23,"is_primary":true,"text":[{"text":"use serde::Deserialize;","highlight_start":5,"highlight_end":23}],"label":null,"suggested_replacement":null,"suggestion_applicability":null,"expansion":null}],"children":[],"rendered":null}],"rendered":"\u001b[0m\u001b[1m\u001b[38;5;9merror\u001b[0m\u001b[0m\u001b[1m\u001b[38;5;15m: cannot find derive macro `Deserialize` in this scope\u001b[0m\n\u001b[0m \u001b[0m\u001b[0m\u001b[1m\u001b[38;5;14m--> \u001b[0m\u001b[0msrc\\main.rs:5:10\u001b[0m\n\u001b[0m  \u001b[0m\u001b[0m\u001b[1m\u001b[38;5;14m|\u001b[0m\n\u001b[0m\u001b[1m\u001b[38;5;14m5\u001b[0m\u001b[0m \u001b[0m\u001b[0m\u001b[1m\u001b[38;5;14m|\u001b[0m\u001b[0m \u001b[0m\u001b[0m#[derive(Deserialize, debug)]\u001b[0m\n\u001b[0m  \u001b[0m\u001b[0m\u001b[1m\u001b[38;5;14m| \u001b[0m\u001b[0m         \u001b[0m\u001b[0m\u001b[1m\u001b[38;5;9m^^^^^^^^^^^\u001b[0m\n\u001b[0m  \u001b[0m\u001b[0m\u001b[1m\u001b[38;5;14m|\u001b[0m\n\u001b[0m\u001b[1m\u001b[38;5;10mnote\u001b[0m\u001b[0m: `Deserialize` is imported here, but it is only a trait, without a derive macro\u001b[0m\n\u001b[0m \u001b[0m\u001b[0m\u001b[1m\u001b[38;5;14m--> \u001b[0m\u001b[0msrc\\main.rs:3:5\u001b[0m\n\u001b[0m  \u001b[0m\u001b[0m\u001b[1m\u001b[38;5;14m|\u001b[0m\n\u001b[0m\u001b[1m\u001b[38;5;14m3\u001b[0m\u001b[0m \u001b[0m\u001b[0m\u001b[1m\u001b[38;5;14m|\u001b[0m\u001b[0m \u001b[0m\u001b[0muse serde::Deserialize;\u001b[0m\n\u001b[0m  \u001b[0m\u001b[0m\u001b[1m\u001b[38;5;14m| \u001b[0m\u001b[0m    \u001b[0m\u001b[0m\u001b[1m\u001b[38;5;10m^^^^^^^^^^^^^^^^^^\u001b[0m\n\n"}
{"message":"cannot find derive macro `debug` in this scope","code":null,"level":"error","spans":[{"file_name":"C:\\Users\\Om\\.rustup\\toolchains\\stable-x86_64-pc-windows-msvc\\lib/rustlib/src/rust\\library\\core\\src\\fmt\\mod.rs","byte_start":19432,"byte_end":19447,"line_start":588,"line_end":588,"column_start":5,"column_end":20,"is_primary":false,"text":[{"text":"    pub macro Debug($item:item) {","highlight_start":5,"highlight_end":20}],"label":"similarly named derive macro `Debug` defined here","suggested_replacement":null,"suggestion_applicability":null,"expansion":null},{"file_name":"src\\main.rs","byte_start":100,"byte_end":105,"line_start":5,"line_end":5,"column_start":23,"column_end":28,"is_primary":true,"text":[{"text":"#[derive(Deserialize, debug)]","highlight_start":23,"highlight_end":28}],"label":null,"suggested_replacement":null,"suggestion_applicability":null,"expansion":null}],"children":[{"message":"a derive macro with a similar name exists","code":null,"level":"help","spans":[{"file_name":"src\\main.rs","byte_start":100,"byte_end":105,"line_start":5,"line_end":5,"column_start":23,"column_end":28,"is_primary":true,"text":[{"text":"#[derive(Deserialize, debug)]","highlight_start":23,"highlight_end":28}],"label":null,"suggested_replacement":"Debug","suggestion_applicability":"MaybeIncorrect","expansion":null}],"children":[],"rendered":null}],"rendered":"\u001b[0m\u001b[1m\u001b[38;5;9merror\u001b[0m\u001b[0m\u001b[1m\u001b[38;5;15m: cannot find derive macro `debug` in this scope\u001b[0m\n\u001b[0m   \u001b[0m\u001b[0m\u001b[1m\u001b[38;5;14m--> \u001b[0m\u001b[0msrc\\main.rs:5:23\u001b[0m\n\u001b[0m    \u001b[0m\u001b[0m\u001b[1m\u001b[38;5;14m|\u001b[0m\n\u001b[0m\u001b[1m\u001b[38;5;14m5\u001b[0m\u001b[0m   \u001b[0m\u001b[0m\u001b[1m\u001b[38;5;14m|\u001b[0m\u001b[0m \u001b[0m\u001b[0m#[derive(Deserialize, debug)]\u001b[0m\n\u001b[0m    \u001b[0m\u001b[0m\u001b[1m\u001b[38;5;14m| \u001b[0m\u001b[0m                      \u001b[0m\u001b[0m\u001b[1m\u001b[38;5;9m^^^^^\u001b[0m\u001b[0m \u001b[0m\u001b[0m\u001b[1m\u001b[38;5;9mhelp: a derive macro with a similar name exists: `Debug`\u001b[0m\n\u001b[0m    \u001b[0m\u001b[0m\u001b[1m\u001b[38;5;14m|\u001b[0m\n\u001b[0m   \u001b[0m\u001b[0m\u001b[1m\u001b[38;5;14m::: \u001b[0m\u001b[0mC:\\Users\\Om\\.rustup\\toolchains\\stable-x86_64-pc-windows-msvc\\lib/rustlib/src/rust\\library\\core\\src\\fmt\\mod.rs:588:5\u001b[0m\n\u001b[0m    \u001b[0m\u001b[0m\u001b[1m\u001b[38;5;14m|\u001b[0m\n\u001b[0m\u001b[1m\u001b[38;5;14m588\u001b[0m\u001b[0m \u001b[0m\u001b[0m\u001b[1m\u001b[38;5;14m|\u001b[0m\u001b[0m \u001b[0m\u001b[0m    pub macro Debug($item:item) {\u001b[0m\n\u001b[0m    \u001b[0m\u001b[0m\u001b[1m\u001b[38;5;14m| \u001b[0m\u001b[0m    \u001b[0m\u001b[0m\u001b[1m\u001b[38;5;14m---------------\u001b[0m\u001b[0m \u001b[0m\u001b[0m\u001b[1m\u001b[38;5;14msimilarly named derive macro `Debug` defined here\u001b[0m\n\n"}
{"message":"no method named `json` found for struct `Response` in the current scope","code":{"code":"E0599","explanation":"This error occurs when a method is used on a type which doesn't implement it:\n\nErroneous code example:\n\n```compile_fail,E0599\nstruct Mouth;\n\nlet x = Mouth;\nx.chocolate(); // error: no method named `chocolate` found for type `Mouth`\n               //        in the current scope\n```\n\nIn this case, you need to implement the `chocolate` method to fix the error:\n\n```\nstruct Mouth;\n\nimpl Mouth {\n    fn chocolate(&self) { // We implement the `chocolate` method here.\n        println!(\"Hmmm! I love chocolate!\");\n    }\n}\n\nlet x = Mouth;\nx.chocolate(); // ok!\n```\n"},"level":"error","spans":[{"file_name":"src\\main.rs","byte_start":637,"byte_end":641,"line_start":28,"line_end":28,"column_start":37,"column_end":41,"is_primary":true,"text":[{"text":"    let users: Vec<User> = response.json().await?;","highlight_start":37,"highlight_end":41}],"label":"method not found in `Response`","suggested_replacement":null,"suggestion_applicability":null,"expansion":null}],"children":[],"rendered":"\u001b[0m\u001b[1m\u001b[38;5;9merror[E0599]\u001b[0m\u001b[0m\u001b[1m\u001b[38;5;15m: no method named `json` found for struct `Response` in the current scope\u001b[0m\n\u001b[0m  \u001b[0m\u001b[0m\u001b[1m\u001b[38;5;14m--> \u001b[0m\u001b[0msrc\\main.rs:28:37\u001b[0m\n\u001b[0m   \u001b[0m\u001b[0m\u001b[1m\u001b[38;5;14m|\u001b[0m\n\u001b[0m\u001b[1m\u001b[38;5;14m28\u001b[0m\u001b[0m \u001b[0m\u001b[0m\u001b[1m\u001b[38;5;14m|\u001b[0m\u001b[0m \u001b[0m\u001b[0m    let users: Vec<User> = response.json().await?;\u001b[0m\n\u001b[0m   \u001b[0m\u001b[0m\u001b[1m\u001b[38;5;14m| \u001b[0m\u001b[0m                                    \u001b[0m\u001b[0m\u001b[1m\u001b[38;5;9m^^^^\u001b[0m\u001b[0m \u001b[0m\u001b[0m\u001b[1m\u001b[38;5;9mmethod not found in `Response`\u001b[0m\n\n"}
{"message":"`Vec<User>` doesn't implement `std::fmt::Display`","code":{"code":"E0277","explanation":"You tried to use a type which doesn't implement some trait in a place which\nexpected that trait.\n\nErroneous code example:\n\n```compile_fail,E0277\n// here we declare the Foo trait with a bar method\ntrait Foo {\n    fn bar(&self);\n}\n\n// we now declare a function which takes an object implementing the Foo trait\nfn some_func<T: Foo>(foo: T) {\n    foo.bar();\n}\n\nfn main() {\n    // we now call the method with the i32 type, which doesn't implement\n    // the Foo trait\n    some_func(5i32); // error: the trait bound `i32 : Foo` is not satisfied\n}\n```\n\nIn order to fix this error, verify that the type you're using does implement\nthe trait. Example:\n\n```\ntrait Foo {\n    fn bar(&self);\n}\n\n// we implement the trait on the i32 type\nimpl Foo for i32 {\n    fn bar(&self) {}\n}\n\nfn some_func<T: Foo>(foo: T) {\n    foo.bar(); // we can now use this method since i32 implements the\n               // Foo trait\n}\n\nfn main() {\n    some_func(5i32); // ok!\n}\n```\n\nOr in a generic context, an erroneous code example would look like:\n\n```compile_fail,E0277\nfn some_func<T>(foo: T) {\n    println!(\"{:?}\", foo); // error: the trait `core::fmt::Debug` is not\n                           //        implemented for the type `T`\n}\n\nfn main() {\n    // We now call the method with the i32 type,\n    // which *does* implement the Debug trait.\n    some_func(5i32);\n}\n```\n\nNote that the error here is in the definition of the generic function. Although\nwe only call it with a parameter that does implement `Debug`, the compiler\nstill rejects the function. It must work with all possible input types. In\norder to make this example compile, we need to restrict the generic type we're\naccepting:\n\n```\nuse std::fmt;\n\n// Restrict the input type to types that implement Debug.\nfn some_func<T: fmt::Debug>(foo: T) {\n    println!(\"{:?}\", foo);\n}\n\nfn main() {\n    // Calling the method is still fine, as i32 implements Debug.\n    some_func(5i32);\n\n    // This would fail to compile now:\n    // struct WithoutDebug;\n    // some_func(WithoutDebug);\n}\n```\n\nRust only looks at the signature of the called function, as such it must\nalready specify all requirements that will be used for every type parameter.\n"},"level":"error","spans":[{"file_name":"src\\main.rs","byte_start":671,"byte_end":676,"line_start":29,"line_end":29,"column_start":20,"column_end":25,"is_primary":true,"text":[{"text":"    println!(\"{}\", users);","highlight_start":20,"highlight_end":25}],"label":"`Vec<User>` cannot be formatted with the default formatter","suggested_replacement":null,"suggestion_applicability":null,"expansion":{"span":{"file_name":"C:\\Users\\Om\\.rustup\\toolchains\\stable-x86_64-pc-windows-msvc\\lib/rustlib/src/rust\\library\\std\\src\\macros.rs","byte_start":4177,"byte_end":4210,"line_start":137,"line_end":137,"column_start":28,"column_end":61,"is_primary":false,"text":[{"text":"        $crate::io::_print($crate::format_args_nl!($($arg)*));","highlight_start":28,"highlight_end":61}],"label":null,"suggested_replacement":null,"suggestion_applicability":null,"expansion":{"span":{"file_name":"src\\main.rs","byte_start":656,"byte_end":677,"line_start":29,"line_end":29,"column_start":5,"column_end":26,"is_primary":false,"text":[{"text":"    println!(\"{}\", users);","highlight_start":5,"highlight_end":26}],"label":null,"suggested_replacement":null,"suggestion_applicability":null,"expansion":null},"macro_decl_name":"println!","def_site_span":{"file_name":"C:\\Users\\Om\\.rustup\\toolchains\\stable-x86_64-pc-windows-msvc\\lib/rustlib/src/rust\\library\\std\\src\\macros.rs","byte_start":4055,"byte_end":4075,"line_start":132,"line_end":132,"column_start":1,"column_end":21,"is_primary":false,"text":[{"text":"macro_rules! println {","highlight_start":1,"highlight_end":21}],"label":null,"suggested_replacement":null,"suggestion_applicability":null,"expansion":null}}},"macro_decl_name":"$crate::format_args_nl!","def_site_span":{"file_name":"C:\\Users\\Om\\.rustup\\toolchains\\stable-x86_64-pc-windows-msvc\\lib/rustlib/src/rust\\library\\core\\src\\macros\\mod.rs","byte_start":31072,"byte_end":31099,"line_start":904,"line_end":904,"column_start":5,"column_end":32,"is_primary":false,"text":[{"text":"    macro_rules! format_args_nl {","highlight_start":5,"highlight_end":32}],"label":null,"suggested_replacement":null,"suggestion_applicability":null,"expansion":null}}}],"children":[{"message":"the trait `std::fmt::Display` is not implemented for `Vec<User>`","code":null,"level":"help","spans":[],"children":[],"rendered":null},{"message":"in format strings you may be able to use `{:?}` (or {:#?} for pretty-print) instead","code":null,"level":"note","spans":[],"children":[],"rendered":null}],"rendered":"\u001b[0m\u001b[1m\u001b[38;5;9merror[E0277]\u001b[0m\u001b[0m\u001b[1m\u001b[38;5;15m: `Vec<User>` doesn't implement `std::fmt::Display`\u001b[0m\n\u001b[0m  \u001b[0m\u001b[0m\u001b[1m\u001b[38;5;14m--> \u001b[0m\u001b[0msrc\\main.rs:29:20\u001b[0m\n\u001b[0m   \u001b[0m\u001b[0m\u001b[1m\u001b[38;5;14m|\u001b[0m\n\u001b[0m\u001b[1m\u001b[38;5;14m29\u001b[0m\u001b[0m \u001b[0m\u001b[0m\u001b[1m\u001b[38;5;14m|\u001b[0m\u001b[0m \u001b[0m\u001b[0m    println!(\"{}\", users);\u001b[0m\n\u001b[0m   \u001b[0m\u001b[0m\u001b[1m\u001b[38;5;14m| \u001b[0m\u001b[0m                   \u001b[0m\u001b[0m\u001b[1m\u001b[38;5;9m^^^^^\u001b[0m\u001b[0m \u001b[0m\u001b[0m\u001b[1m\u001b[38;5;9m`Vec<User>` cannot be formatted with the default formatter\u001b[0m\n\u001b[0m   \u001b[0m\u001b[0m\u001b[1m\u001b[38;5;14m|\u001b[0m\n\u001b[0m   \u001b[0m\u001b[0m\u001b[1m\u001b[38;5;14m= \u001b[0m\u001b[0m\u001b[1m\u001b[38;5;15mhelp\u001b[0m\u001b[0m: the trait `std::fmt::Display` is not implemented for `Vec<User>`\u001b[0m\n\u001b[0m   \u001b[0m\u001b[0m\u001b[1m\u001b[38;5;14m= \u001b[0m\u001b[0m\u001b[1m\u001b[38;5;15mnote\u001b[0m\u001b[0m: in format strings you may be able to use `{:?}` (or {:#?} for pretty-print) instead\u001b[0m\n\u001b[0m   \u001b[0m\u001b[0m\u001b[1m\u001b[38;5;14m= \u001b[0m\u001b[0m\u001b[1m\u001b[38;5;15mnote\u001b[0m\u001b[0m: this error originates in the macro `$crate::format_args_nl` which comes from the expansion of the macro `println` (in Nightly builds, run with -Z macro-backtrace for more info)\u001b[0m\n\n"}
{"message":"`main` function is not allowed to be `async`","code":{"code":"E0752","explanation":"The entry point of the program was marked as `async`.\n\nErroneous code example:\n\n```compile_fail,E0752\nasync fn main() -> Result<(), ()> { // error!\n    Ok(())\n}\n```\n\n`fn main()` or the specified start function is not allowed to be `async`. Not\nhaving a correct async runtime library setup may cause this error. To fix it,\ndeclare the entry point without `async`:\n\n```\nfn main() -> Result<(), ()> { // ok!\n    Ok(())\n}\n```\n"},"level":"error","spans":[{"file_name":"src\\main.rs","byte_start":173,"byte_end":209,"line_start":13,"line_end":13,"column_start":1,"column_end":37,"is_primary":true,"text":[{"text":"async fn main() -> Result<(), Error> {","highlight_start":1,"highlight_end":37}],"label":"`main` function is not allowed to be `async`","suggested_replacement":null,"suggestion_applicability":null,"expansion":null}],"children":[],"rendered":"\u001b[0m\u001b[1m\u001b[38;5;9merror[E0752]\u001b[0m\u001b[0m\u001b[1m\u001b[38;5;15m: `main` function is not allowed to be `async`\u001b[0m\n\u001b[0m  \u001b[0m\u001b[0m\u001b[1m\u001b[38;5;14m--> \u001b[0m\u001b[0msrc\\main.rs:13:1\u001b[0m\n\u001b[0m   \u001b[0m\u001b[0m\u001b[1m\u001b[38;5;14m|\u001b[0m\n\u001b[0m\u001b[1m\u001b[38;5;14m13\u001b[0m\u001b[0m \u001b[0m\u001b[0m\u001b[1m\u001b[38;5;14m|\u001b[0m\u001b[0m \u001b[0m\u001b[0masync fn main() -> Result<(), Error> {\u001b[0m\n\u001b[0m   \u001b[0m\u001b[0m\u001b[1m\u001b[38;5;14m| \u001b[0m\u001b[0m\u001b[1m\u001b[38;5;9m^^^^^^^^^^^^^^^^^^^^^^^^^^^^^^^^^^^^\u001b[0m\u001b[0m \u001b[0m\u001b[0m\u001b[1m\u001b[38;5;9m`main` function is not allowed to be `async`\u001b[0m\n\n"}
{"message":"aborting due to 6 previous errors","code":null,"level":"error","spans":[],"children":[],"rendered":"\u001b[0m\u001b[1m\u001b[38;5;9merror\u001b[0m\u001b[0m\u001b[1m\u001b[38;5;15m: aborting due to 6 previous errors\u001b[0m\n\n"}
{"message":"Some errors have detailed explanations: E0277, E0433, E0599, E0752.","code":null,"level":"failure-note","spans":[],"children":[],"rendered":"\u001b[0m\u001b[1m\u001b[38;5;15mSome errors have detailed explanations: E0277, E0433, E0599, E0752.\u001b[0m\n"}
{"message":"For more information about an error, try `rustc --explain E0277`.","code":null,"level":"failure-note","spans":[],"children":[],"rendered":"\u001b[0m\u001b[1m\u001b[38;5;15mFor more information about an error, try `rustc --explain E0277`.\u001b[0m\n"}
